INFO:     Will watch for changes in these directories: ['/Users/jexpearce/video-enhancement-saas/backend']
INFO:     Uvicorn running on http://0.0.0.0:8000 (Press CTRL+C to quit)
INFO:     Started reloader process [67993] using WatchFiles
/Users/jexpearce/Library/Python/3.9/lib/python/site-packages/pydantic/_internal/_fields.py:149: UserWarning: Field "model_version" has conflict with protected namespace "model_".

You may be able to resolve this warning by setting `model_config['protected_namespaces'] = ()`.
  warnings.warn(
INFO:     Started server process [68000]
INFO:     Waiting for application startup.
INFO:app.main:Starting Video Enhancement SaaS API...
2025-07-09 12:00:41,990 INFO sqlalchemy.engine.Engine BEGIN (implicit)
INFO:sqlalchemy.engine.Engine:BEGIN (implicit)
2025-07-09 12:00:41,990 INFO sqlalchemy.engine.Engine SELECT 1
INFO:sqlalchemy.engine.Engine:SELECT 1
2025-07-09 12:00:41,990 INFO sqlalchemy.engine.Engine [generated in 0.00009s] ()
INFO:sqlalchemy.engine.Engine:[generated in 0.00009s] ()
2025-07-09 12:00:41,990 INFO sqlalchemy.engine.Engine ROLLBACK
INFO:sqlalchemy.engine.Engine:ROLLBACK
INFO:app.database.connection:Database connection successful
2025-07-09 12:00:41,990 INFO sqlalchemy.engine.Engine BEGIN (implicit)
INFO:sqlalchemy.engine.Engine:BEGIN (implicit)
2025-07-09 12:00:41,990 INFO sqlalchemy.engine.Engine PRAGMA main.table_info("processing_jobs")
INFO:sqlalchemy.engine.Engine:PRAGMA main.table_info("processing_jobs")
2025-07-09 12:00:41,990 INFO sqlalchemy.engine.Engine [raw sql] ()
INFO:sqlalchemy.engine.Engine:[raw sql] ()
2025-07-09 12:00:41,991 INFO sqlalchemy.engine.Engine PRAGMA main.table_info("stored_images")
INFO:sqlalchemy.engine.Engine:PRAGMA main.table_info("stored_images")
2025-07-09 12:00:41,991 INFO sqlalchemy.engine.Engine [raw sql] ()
INFO:sqlalchemy.engine.Engine:[raw sql] ()
2025-07-09 12:00:41,991 INFO sqlalchemy.engine.Engine PRAGMA main.table_info("enriched_entities")
INFO:sqlalchemy.engine.Engine:PRAGMA main.table_info("enriched_entities")
2025-07-09 12:00:41,991 INFO sqlalchemy.engine.Engine [raw sql] ()
INFO:sqlalchemy.engine.Engine:[raw sql] ()
2025-07-09 12:00:41,991 INFO sqlalchemy.engine.Engine PRAGMA main.table_info("emphasis_points")
INFO:sqlalchemy.engine.Engine:PRAGMA main.table_info("emphasis_points")
2025-07-09 12:00:41,991 INFO sqlalchemy.engine.Engine [raw sql] ()
INFO:sqlalchemy.engine.Engine:[raw sql] ()
2025-07-09 12:00:41,991 INFO sqlalchemy.engine.Engine PRAGMA main.table_info("user_preferences")
INFO:sqlalchemy.engine.Engine:PRAGMA main.table_info("user_preferences")
2025-07-09 12:00:41,991 INFO sqlalchemy.engine.Engine [raw sql] ()
INFO:sqlalchemy.engine.Engine:[raw sql] ()
2025-07-09 12:00:41,991 INFO sqlalchemy.engine.Engine PRAGMA main.table_info("api_usage")
INFO:sqlalchemy.engine.Engine:PRAGMA main.table_info("api_usage")
2025-07-09 12:00:41,991 INFO sqlalchemy.engine.Engine [raw sql] ()
INFO:sqlalchemy.engine.Engine:[raw sql] ()
2025-07-09 12:00:41,991 INFO sqlalchemy.engine.Engine COMMIT
INFO:sqlalchemy.engine.Engine:COMMIT
INFO:app.database.connection:Database tables created successfully
INFO:app.main:Database initialized successfully
INFO:app.main:=== API Key Setup ===
INFO:app.main:# Add these to your .env file for testing:
INFO:app.main:ADMIN_API_KEY=vea_b7208eeefb94bcf9beb9452c3a91955773637a03563f474b5079937a2362d1fa
INFO:app.main:# Demo API keys (for testing):
INFO:app.main:# demo_user_1: vea_1671b347903fcff9b3d63c29882a6c8847687235101a0faef02f3f569a944b97
INFO:app.main:# demo_user_2: vea_a40e2aacf03939865ef75c9239102250dc05f89d4efb3578cb60ccc66caea86e
INFO:app.main:# demo_user_3: vea_66e7a7b90454e60967b38861e410a6f362b752503cfb29ee04ed0d9df4e3b8f7
INFO:app.main:# Usage examples:
INFO:app.main:# curl -H "Authorization: Bearer vea_b7208eeefb94bcf9beb9452c3a91955773637a03563f474b5079937a2362d1fa" http://localhost:8000/api/v1/health/detailed
INFO:app.main:# curl -H "Authorization: Bearer vea_1671b347903fcff9b3d63c29882a6c8847687235101a0faef02f3f569a944b97" http://localhost:8000/api/v1/jobs
INFO:app.main:======================
INFO:app.main:API startup completed successfully
INFO:     Application startup complete.
2025-07-09 12:00:52,007 INFO sqlalchemy.engine.Engine BEGIN (implicit)
INFO:sqlalchemy.engine.Engine:BEGIN (implicit)
2025-07-09 12:00:52,007 INFO sqlalchemy.engine.Engine SELECT 1
INFO:sqlalchemy.engine.Engine:SELECT 1
2025-07-09 12:00:52,007 INFO sqlalchemy.engine.Engine [cached since 10.02s ago] ()
INFO:sqlalchemy.engine.Engine:[cached since 10.02s ago] ()
2025-07-09 12:00:52,007 INFO sqlalchemy.engine.Engine ROLLBACK
INFO:sqlalchemy.engine.Engine:ROLLBACK
INFO:app.database.connection:Database connection successful
INFO:     127.0.0.1:60845 - "GET /api/v1/health HTTP/1.1" 200 OK
INFO:     127.0.0.1:60859 - "OPTIONS /api/v1/videos/upload?target_platform=tiktok&user_id=user_1752098466317 HTTP/1.1" 200 OK
INFO:app.api.v1.videos:Upload attempt - filename: IMG_4457 copy.MOV, content_type: video/quicktime, user_id: user_1752098466317, target_platform: tiktok
2025-07-09 12:01:06,522 INFO sqlalchemy.engine.Engine BEGIN (implicit)
INFO:sqlalchemy.engine.Engine:BEGIN (implicit)
2025-07-09 12:01:06,523 INFO sqlalchemy.engine.Engine INSERT INTO processing_jobs (id, user_id, status, progress, original_video_url, original_video_hash, file_size_bytes, video_duration_seconds, video_format, target_platform, created_at, started_at, completed_at, updated_at, transcript, final_video_url, manifest_url, error_message, retry_count, processing_time_seconds, audio_enhancement_time, transcription_time, emphasis_detection_time, entity_extraction_time, image_search_time, image_processing_time) VALUES (?, ?, ?, ?, ?, ?, ?, ?, ?, ?, CURRENT_TIMESTAMP, ?, ?, CURRENT_TIMESTAMP, ?, ?, ?, ?, ?, ?, ?, ?, ?, ?, ?, ?) RETURNING created_at, updated_at
INFO:sqlalchemy.engine.Engine:INSERT INTO processing_jobs (id, user_id, status, progress, original_video_url, original_video_hash, file_size_bytes, video_duration_seconds, video_format, target_platform, created_at, started_at, completed_at, updated_at, transcript, final_video_url, manifest_url, error_message, retry_count, processing_time_seconds, audio_enhancement_time, transcription_time, emphasis_detection_time, entity_extraction_time, image_search_time, image_processing_time) VALUES (?, ?, ?, ?, ?, ?, ?, ?, ?, ?, CURRENT_TIMESTAMP, ?, ?, CURRENT_TIMESTAMP, ?, ?, ?, ?, ?, ?, ?, ?, ?, ?, ?, ?) RETURNING created_at, updated_at
2025-07-09 12:01:06,523 INFO sqlalchemy.engine.Engine [generated in 0.00016s] ('12b87d5d-1b93-47b9-a18c-b7e0862a3e8b', 'user_1752098466317', 'pending', 0, '/tmp/video_enhancement/50e5cd9b87c56558ffedcf1fe1c96c9d8066c17a95294f260c5e6fce7d0d8314.MOV', '50e5cd9b87c56558ffedcf1fe1c96c9d8066c17a95294f260c5e6fce7d0d8314', 29601999, None, 'video/quicktime', 'tiktok', None, None, None, None, None, None, 0, None, None, None, None, None, None, None)
INFO:sqlalchemy.engine.Engine:[generated in 0.00016s] ('12b87d5d-1b93-47b9-a18c-b7e0862a3e8b', 'user_1752098466317', 'pending', 0, '/tmp/video_enhancement/50e5cd9b87c56558ffedcf1fe1c96c9d8066c17a95294f260c5e6fce7d0d8314.MOV', '50e5cd9b87c56558ffedcf1fe1c96c9d8066c17a95294f260c5e6fce7d0d8314', 29601999, None, 'video/quicktime', 'tiktok', None, None, None, None, None, None, 0, None, None, None, None, None, None, None)
2025-07-09 12:01:06,524 INFO sqlalchemy.engine.Engine COMMIT
INFO:sqlalchemy.engine.Engine:COMMIT
2025-07-09 12:01:06,525 INFO sqlalchemy.engine.Engine BEGIN (implicit)
INFO:sqlalchemy.engine.Engine:BEGIN (implicit)
2025-07-09 12:01:06,526 INFO sqlalchemy.engine.Engine SELECT processing_jobs.id, processing_jobs.user_id, processing_jobs.status, processing_jobs.progress, processing_jobs.original_video_url, processing_jobs.original_video_hash, processing_jobs.file_size_bytes, processing_jobs.video_duration_seconds, processing_jobs.video_format, processing_jobs.target_platform, processing_jobs.processing_options, processing_jobs.created_at, processing_jobs.started_at, processing_jobs.completed_at, processing_jobs.updated_at, processing_jobs.transcript, processing_jobs.emphasis_points, processing_jobs.detected_entities, processing_jobs.applied_style, processing_jobs.final_video_url, processing_jobs.manifest_url, processing_jobs.error_message, processing_jobs.retry_count, processing_jobs.processing_time_seconds, processing_jobs.audio_enhancement_time, processing_jobs.transcription_time, processing_jobs.emphasis_detection_time, processing_jobs.entity_extraction_time, processing_jobs.image_search_time, processing_jobs.image_processing_time 
FROM processing_jobs 
WHERE processing_jobs.id = ?
INFO:sqlalchemy.engine.Engine:SELECT processing_jobs.id, processing_jobs.user_id, processing_jobs.status, processing_jobs.progress, processing_jobs.original_video_url, processing_jobs.original_video_hash, processing_jobs.file_size_bytes, processing_jobs.video_duration_seconds, processing_jobs.video_format, processing_jobs.target_platform, processing_jobs.processing_options, processing_jobs.created_at, processing_jobs.started_at, processing_jobs.completed_at, processing_jobs.updated_at, processing_jobs.transcript, processing_jobs.emphasis_points, processing_jobs.detected_entities, processing_jobs.applied_style, processing_jobs.final_video_url, processing_jobs.manifest_url, processing_jobs.error_message, processing_jobs.retry_count, processing_jobs.processing_time_seconds, processing_jobs.audio_enhancement_time, processing_jobs.transcription_time, processing_jobs.emphasis_detection_time, processing_jobs.entity_extraction_time, processing_jobs.image_search_time, processing_jobs.image_processing_time 
FROM processing_jobs 
WHERE processing_jobs.id = ?
2025-07-09 12:01:06,526 INFO sqlalchemy.engine.Engine [generated in 0.00006s] ('12b87d5d-1b93-47b9-a18c-b7e0862a3e8b',)
INFO:sqlalchemy.engine.Engine:[generated in 0.00006s] ('12b87d5d-1b93-47b9-a18c-b7e0862a3e8b',)
INFO:app.api.v1.videos:Created processing job: 12b87d5d-1b93-47b9-a18c-b7e0862a3e8b
INFO:     127.0.0.1:60859 - "POST /api/v1/videos/upload?target_platform=tiktok&user_id=user_1752098466317 HTTP/1.1" 200 OK
2025-07-09 12:01:06,527 INFO sqlalchemy.engine.Engine BEGIN (implicit)
INFO:sqlalchemy.engine.Engine:BEGIN (implicit)
2025-07-09 12:01:06,527 INFO sqlalchemy.engine.Engine SELECT processing_jobs.id AS processing_jobs_id, processing_jobs.user_id AS processing_jobs_user_id, processing_jobs.status AS processing_jobs_status, processing_jobs.progress AS processing_jobs_progress, processing_jobs.original_video_url AS processing_jobs_original_video_url, processing_jobs.original_video_hash AS processing_jobs_original_video_hash, processing_jobs.file_size_bytes AS processing_jobs_file_size_bytes, processing_jobs.video_duration_seconds AS processing_jobs_video_duration_seconds, processing_jobs.video_format AS processing_jobs_video_format, processing_jobs.target_platform AS processing_jobs_target_platform, processing_jobs.processing_options AS processing_jobs_processing_options, processing_jobs.created_at AS processing_jobs_created_at, processing_jobs.started_at AS processing_jobs_started_at, processing_jobs.completed_at AS processing_jobs_completed_at, processing_jobs.updated_at AS processing_jobs_updated_at, processing_jobs.transcript AS processing_jobs_transcript, processing_jobs.emphasis_points AS processing_jobs_emphasis_points, processing_jobs.detected_entities AS processing_jobs_detected_entities, processing_jobs.applied_style AS processing_jobs_applied_style, processing_jobs.final_video_url AS processing_jobs_final_video_url, processing_jobs.manifest_url AS processing_jobs_manifest_url, processing_jobs.error_message AS processing_jobs_error_message, processing_jobs.retry_count AS processing_jobs_retry_count, processing_jobs.processing_time_seconds AS processing_jobs_processing_time_seconds, processing_jobs.audio_enhancement_time AS processing_jobs_audio_enhancement_time, processing_jobs.transcription_time AS processing_jobs_transcription_time, processing_jobs.emphasis_detection_time AS processing_jobs_emphasis_detection_time, processing_jobs.entity_extraction_time AS processing_jobs_entity_extraction_time, processing_jobs.image_search_time AS processing_jobs_image_search_time, processing_jobs.image_processing_time AS processing_jobs_image_processing_time 
FROM processing_jobs 
WHERE processing_jobs.id = ?
 LIMIT ? OFFSET ?
INFO:sqlalchemy.engine.Engine:SELECT processing_jobs.id AS processing_jobs_id, processing_jobs.user_id AS processing_jobs_user_id, processing_jobs.status AS processing_jobs_status, processing_jobs.progress AS processing_jobs_progress, processing_jobs.original_video_url AS processing_jobs_original_video_url, processing_jobs.original_video_hash AS processing_jobs_original_video_hash, processing_jobs.file_size_bytes AS processing_jobs_file_size_bytes, processing_jobs.video_duration_seconds AS processing_jobs_video_duration_seconds, processing_jobs.video_format AS processing_jobs_video_format, processing_jobs.target_platform AS processing_jobs_target_platform, processing_jobs.processing_options AS processing_jobs_processing_options, processing_jobs.created_at AS processing_jobs_created_at, processing_jobs.started_at AS processing_jobs_started_at, processing_jobs.completed_at AS processing_jobs_completed_at, processing_jobs.updated_at AS processing_jobs_updated_at, processing_jobs.transcript AS processing_jobs_transcript, processing_jobs.emphasis_points AS processing_jobs_emphasis_points, processing_jobs.detected_entities AS processing_jobs_detected_entities, processing_jobs.applied_style AS processing_jobs_applied_style, processing_jobs.final_video_url AS processing_jobs_final_video_url, processing_jobs.manifest_url AS processing_jobs_manifest_url, processing_jobs.error_message AS processing_jobs_error_message, processing_jobs.retry_count AS processing_jobs_retry_count, processing_jobs.processing_time_seconds AS processing_jobs_processing_time_seconds, processing_jobs.audio_enhancement_time AS processing_jobs_audio_enhancement_time, processing_jobs.transcription_time AS processing_jobs_transcription_time, processing_jobs.emphasis_detection_time AS processing_jobs_emphasis_detection_time, processing_jobs.entity_extraction_time AS processing_jobs_entity_extraction_time, processing_jobs.image_search_time AS processing_jobs_image_search_time, processing_jobs.image_processing_time AS processing_jobs_image_processing_time 
FROM processing_jobs 
WHERE processing_jobs.id = ?
 LIMIT ? OFFSET ?
2025-07-09 12:01:06,527 INFO sqlalchemy.engine.Engine [generated in 0.00007s] ('12b87d5d-1b93-47b9-a18c-b7e0862a3e8b', 1, 0)
INFO:sqlalchemy.engine.Engine:[generated in 0.00007s] ('12b87d5d-1b93-47b9-a18c-b7e0862a3e8b', 1, 0)
2025-07-09 12:01:06,528 INFO sqlalchemy.engine.Engine UPDATE processing_jobs SET status=?, updated_at=CURRENT_TIMESTAMP WHERE processing_jobs.id = ?
INFO:sqlalchemy.engine.Engine:UPDATE processing_jobs SET status=?, updated_at=CURRENT_TIMESTAMP WHERE processing_jobs.id = ?
2025-07-09 12:01:06,528 INFO sqlalchemy.engine.Engine [generated in 0.00005s] ('processing', '12b87d5d-1b93-47b9-a18c-b7e0862a3e8b')
INFO:sqlalchemy.engine.Engine:[generated in 0.00005s] ('processing', '12b87d5d-1b93-47b9-a18c-b7e0862a3e8b')
2025-07-09 12:01:06,528 INFO sqlalchemy.engine.Engine COMMIT
INFO:sqlalchemy.engine.Engine:COMMIT
INFO:app.api.v1.videos:Starting video processing for job: 12b87d5d-1b93-47b9-a18c-b7e0862a3e8b
INFO:app.services.transcription.whisper_service:Loading Whisper model 'base' on cpu
INFO:app.services.transcription.whisper_service:Whisper model loaded successfully
INFO:app.services.nlp.entity_recognizer:Loaded spaCy model: en_core_web_sm
INFO:app.services.images.image_searcher:Unsplash provider initialized successfully
2025-07-09 12:01:07,396 INFO sqlalchemy.engine.Engine BEGIN (implicit)
INFO:sqlalchemy.engine.Engine:BEGIN (implicit)
2025-07-09 12:01:07,397 INFO sqlalchemy.engine.Engine SELECT processing_jobs.id AS processing_jobs_id, processing_jobs.user_id AS processing_jobs_user_id, processing_jobs.status AS processing_jobs_status, processing_jobs.progress AS processing_jobs_progress, processing_jobs.original_video_url AS processing_jobs_original_video_url, processing_jobs.original_video_hash AS processing_jobs_original_video_hash, processing_jobs.file_size_bytes AS processing_jobs_file_size_bytes, processing_jobs.video_duration_seconds AS processing_jobs_video_duration_seconds, processing_jobs.video_format AS processing_jobs_video_format, processing_jobs.target_platform AS processing_jobs_target_platform, processing_jobs.processing_options AS processing_jobs_processing_options, processing_jobs.created_at AS processing_jobs_created_at, processing_jobs.started_at AS processing_jobs_started_at, processing_jobs.completed_at AS processing_jobs_completed_at, processing_jobs.updated_at AS processing_jobs_updated_at, processing_jobs.transcript AS processing_jobs_transcript, processing_jobs.emphasis_points AS processing_jobs_emphasis_points, processing_jobs.detected_entities AS processing_jobs_detected_entities, processing_jobs.applied_style AS processing_jobs_applied_style, processing_jobs.final_video_url AS processing_jobs_final_video_url, processing_jobs.manifest_url AS processing_jobs_manifest_url, processing_jobs.error_message AS processing_jobs_error_message, processing_jobs.retry_count AS processing_jobs_retry_count, processing_jobs.processing_time_seconds AS processing_jobs_processing_time_seconds, processing_jobs.audio_enhancement_time AS processing_jobs_audio_enhancement_time, processing_jobs.transcription_time AS processing_jobs_transcription_time, processing_jobs.emphasis_detection_time AS processing_jobs_emphasis_detection_time, processing_jobs.entity_extraction_time AS processing_jobs_entity_extraction_time, processing_jobs.image_search_time AS processing_jobs_image_search_time, processing_jobs.image_processing_time AS processing_jobs_image_processing_time 
FROM processing_jobs 
WHERE processing_jobs.id = ?
INFO:sqlalchemy.engine.Engine:SELECT processing_jobs.id AS processing_jobs_id, processing_jobs.user_id AS processing_jobs_user_id, processing_jobs.status AS processing_jobs_status, processing_jobs.progress AS processing_jobs_progress, processing_jobs.original_video_url AS processing_jobs_original_video_url, processing_jobs.original_video_hash AS processing_jobs_original_video_hash, processing_jobs.file_size_bytes AS processing_jobs_file_size_bytes, processing_jobs.video_duration_seconds AS processing_jobs_video_duration_seconds, processing_jobs.video_format AS processing_jobs_video_format, processing_jobs.target_platform AS processing_jobs_target_platform, processing_jobs.processing_options AS processing_jobs_processing_options, processing_jobs.created_at AS processing_jobs_created_at, processing_jobs.started_at AS processing_jobs_started_at, processing_jobs.completed_at AS processing_jobs_completed_at, processing_jobs.updated_at AS processing_jobs_updated_at, processing_jobs.transcript AS processing_jobs_transcript, processing_jobs.emphasis_points AS processing_jobs_emphasis_points, processing_jobs.detected_entities AS processing_jobs_detected_entities, processing_jobs.applied_style AS processing_jobs_applied_style, processing_jobs.final_video_url AS processing_jobs_final_video_url, processing_jobs.manifest_url AS processing_jobs_manifest_url, processing_jobs.error_message AS processing_jobs_error_message, processing_jobs.retry_count AS processing_jobs_retry_count, processing_jobs.processing_time_seconds AS processing_jobs_processing_time_seconds, processing_jobs.audio_enhancement_time AS processing_jobs_audio_enhancement_time, processing_jobs.transcription_time AS processing_jobs_transcription_time, processing_jobs.emphasis_detection_time AS processing_jobs_emphasis_detection_time, processing_jobs.entity_extraction_time AS processing_jobs_entity_extraction_time, processing_jobs.image_search_time AS processing_jobs_image_search_time, processing_jobs.image_processing_time AS processing_jobs_image_processing_time 
FROM processing_jobs 
WHERE processing_jobs.id = ?
2025-07-09 12:01:07,397 INFO sqlalchemy.engine.Engine [generated in 0.00008s] ('12b87d5d-1b93-47b9-a18c-b7e0862a3e8b',)
INFO:sqlalchemy.engine.Engine:[generated in 0.00008s] ('12b87d5d-1b93-47b9-a18c-b7e0862a3e8b',)
INFO:app.services.processing_pipeline:Starting video processing pipeline for: /tmp/video_enhancement/50e5cd9b87c56558ffedcf1fe1c96c9d8066c17a95294f260c5e6fce7d0d8314.MOV
INFO:app.services.processing_pipeline:Step 1: Audio extraction and enhancement
INFO:app.services.processing_pipeline:Audio processing step: analyzing video file /tmp/video_enhancement/50e5cd9b87c56558ffedcf1fe1c96c9d8066c17a95294f260c5e6fce7d0d8314.MOV
INFO:app.services.audio.processor:Starting audio processing for: /tmp/video_enhancement/50e5cd9b87c56558ffedcf1fe1c96c9d8066c17a95294f260c5e6fce7d0d8314.MOV
INFO:app.services.audio.processor:Video info: {'duration': 11.181678, 'size': 29601999, 'bitrate': 21178931, 'width': 1920, 'height': 1080, 'fps': 60.0, 'video_codec': 'hevc', 'audio_codec': 'aac', 'sample_rate': 44100, 'channels': 2, 'audio_bitrate': 177687}
2025-07-09 12:01:07,550 INFO sqlalchemy.engine.Engine BEGIN (implicit)
INFO:sqlalchemy.engine.Engine:BEGIN (implicit)
2025-07-09 12:01:07,550 INFO sqlalchemy.engine.Engine SELECT processing_jobs.id AS processing_jobs_id, processing_jobs.user_id AS processing_jobs_user_id, processing_jobs.status AS processing_jobs_status, processing_jobs.progress AS processing_jobs_progress, processing_jobs.original_video_url AS processing_jobs_original_video_url, processing_jobs.original_video_hash AS processing_jobs_original_video_hash, processing_jobs.file_size_bytes AS processing_jobs_file_size_bytes, processing_jobs.video_duration_seconds AS processing_jobs_video_duration_seconds, processing_jobs.video_format AS processing_jobs_video_format, processing_jobs.target_platform AS processing_jobs_target_platform, processing_jobs.processing_options AS processing_jobs_processing_options, processing_jobs.created_at AS processing_jobs_created_at, processing_jobs.started_at AS processing_jobs_started_at, processing_jobs.completed_at AS processing_jobs_completed_at, processing_jobs.updated_at AS processing_jobs_updated_at, processing_jobs.transcript AS processing_jobs_transcript, processing_jobs.emphasis_points AS processing_jobs_emphasis_points, processing_jobs.detected_entities AS processing_jobs_detected_entities, processing_jobs.applied_style AS processing_jobs_applied_style, processing_jobs.final_video_url AS processing_jobs_final_video_url, processing_jobs.manifest_url AS processing_jobs_manifest_url, processing_jobs.error_message AS processing_jobs_error_message, processing_jobs.retry_count AS processing_jobs_retry_count, processing_jobs.processing_time_seconds AS processing_jobs_processing_time_seconds, processing_jobs.audio_enhancement_time AS processing_jobs_audio_enhancement_time, processing_jobs.transcription_time AS processing_jobs_transcription_time, processing_jobs.emphasis_detection_time AS processing_jobs_emphasis_detection_time, processing_jobs.entity_extraction_time AS processing_jobs_entity_extraction_time, processing_jobs.image_search_time AS processing_jobs_image_search_time, processing_jobs.image_processing_time AS processing_jobs_image_processing_time 
FROM processing_jobs 
WHERE processing_jobs.id = ?
 LIMIT ? OFFSET ?
INFO:sqlalchemy.engine.Engine:SELECT processing_jobs.id AS processing_jobs_id, processing_jobs.user_id AS processing_jobs_user_id, processing_jobs.status AS processing_jobs_status, processing_jobs.progress AS processing_jobs_progress, processing_jobs.original_video_url AS processing_jobs_original_video_url, processing_jobs.original_video_hash AS processing_jobs_original_video_hash, processing_jobs.file_size_bytes AS processing_jobs_file_size_bytes, processing_jobs.video_duration_seconds AS processing_jobs_video_duration_seconds, processing_jobs.video_format AS processing_jobs_video_format, processing_jobs.target_platform AS processing_jobs_target_platform, processing_jobs.processing_options AS processing_jobs_processing_options, processing_jobs.created_at AS processing_jobs_created_at, processing_jobs.started_at AS processing_jobs_started_at, processing_jobs.completed_at AS processing_jobs_completed_at, processing_jobs.updated_at AS processing_jobs_updated_at, processing_jobs.transcript AS processing_jobs_transcript, processing_jobs.emphasis_points AS processing_jobs_emphasis_points, processing_jobs.detected_entities AS processing_jobs_detected_entities, processing_jobs.applied_style AS processing_jobs_applied_style, processing_jobs.final_video_url AS processing_jobs_final_video_url, processing_jobs.manifest_url AS processing_jobs_manifest_url, processing_jobs.error_message AS processing_jobs_error_message, processing_jobs.retry_count AS processing_jobs_retry_count, processing_jobs.processing_time_seconds AS processing_jobs_processing_time_seconds, processing_jobs.audio_enhancement_time AS processing_jobs_audio_enhancement_time, processing_jobs.transcription_time AS processing_jobs_transcription_time, processing_jobs.emphasis_detection_time AS processing_jobs_emphasis_detection_time, processing_jobs.entity_extraction_time AS processing_jobs_entity_extraction_time, processing_jobs.image_search_time AS processing_jobs_image_search_time, processing_jobs.image_processing_time AS processing_jobs_image_processing_time 
FROM processing_jobs 
WHERE processing_jobs.id = ?
 LIMIT ? OFFSET ?
2025-07-09 12:01:07,551 INFO sqlalchemy.engine.Engine [cached since 1.023s ago] ('12b87d5d-1b93-47b9-a18c-b7e0862a3e8b', 1, 0)
INFO:sqlalchemy.engine.Engine:[cached since 1.023s ago] ('12b87d5d-1b93-47b9-a18c-b7e0862a3e8b', 1, 0)
INFO:     127.0.0.1:60859 - "GET /api/v1/jobs/12b87d5d-1b93-47b9-a18c-b7e0862a3e8b HTTP/1.1" 200 OK
2025-07-09 12:01:07,551 INFO sqlalchemy.engine.Engine ROLLBACK
INFO:sqlalchemy.engine.Engine:ROLLBACK
2025-07-09 12:01:07,552 INFO sqlalchemy.engine.Engine BEGIN (implicit)
INFO:sqlalchemy.engine.Engine:BEGIN (implicit)
2025-07-09 12:01:07,552 INFO sqlalchemy.engine.Engine SELECT processing_jobs.id AS processing_jobs_id, processing_jobs.user_id AS processing_jobs_user_id, processing_jobs.status AS processing_jobs_status, processing_jobs.progress AS processing_jobs_progress, processing_jobs.original_video_url AS processing_jobs_original_video_url, processing_jobs.original_video_hash AS processing_jobs_original_video_hash, processing_jobs.file_size_bytes AS processing_jobs_file_size_bytes, processing_jobs.video_duration_seconds AS processing_jobs_video_duration_seconds, processing_jobs.video_format AS processing_jobs_video_format, processing_jobs.target_platform AS processing_jobs_target_platform, processing_jobs.processing_options AS processing_jobs_processing_options, processing_jobs.created_at AS processing_jobs_created_at, processing_jobs.started_at AS processing_jobs_started_at, processing_jobs.completed_at AS processing_jobs_completed_at, processing_jobs.updated_at AS processing_jobs_updated_at, processing_jobs.transcript AS processing_jobs_transcript, processing_jobs.emphasis_points AS processing_jobs_emphasis_points, processing_jobs.detected_entities AS processing_jobs_detected_entities, processing_jobs.applied_style AS processing_jobs_applied_style, processing_jobs.final_video_url AS processing_jobs_final_video_url, processing_jobs.manifest_url AS processing_jobs_manifest_url, processing_jobs.error_message AS processing_jobs_error_message, processing_jobs.retry_count AS processing_jobs_retry_count, processing_jobs.processing_time_seconds AS processing_jobs_processing_time_seconds, processing_jobs.audio_enhancement_time AS processing_jobs_audio_enhancement_time, processing_jobs.transcription_time AS processing_jobs_transcription_time, processing_jobs.emphasis_detection_time AS processing_jobs_emphasis_detection_time, processing_jobs.entity_extraction_time AS processing_jobs_entity_extraction_time, processing_jobs.image_search_time AS processing_jobs_image_search_time, processing_jobs.image_processing_time AS processing_jobs_image_processing_time 
FROM processing_jobs 
WHERE processing_jobs.id = ?
 LIMIT ? OFFSET ?
INFO:sqlalchemy.engine.Engine:SELECT processing_jobs.id AS processing_jobs_id, processing_jobs.user_id AS processing_jobs_user_id, processing_jobs.status AS processing_jobs_status, processing_jobs.progress AS processing_jobs_progress, processing_jobs.original_video_url AS processing_jobs_original_video_url, processing_jobs.original_video_hash AS processing_jobs_original_video_hash, processing_jobs.file_size_bytes AS processing_jobs_file_size_bytes, processing_jobs.video_duration_seconds AS processing_jobs_video_duration_seconds, processing_jobs.video_format AS processing_jobs_video_format, processing_jobs.target_platform AS processing_jobs_target_platform, processing_jobs.processing_options AS processing_jobs_processing_options, processing_jobs.created_at AS processing_jobs_created_at, processing_jobs.started_at AS processing_jobs_started_at, processing_jobs.completed_at AS processing_jobs_completed_at, processing_jobs.updated_at AS processing_jobs_updated_at, processing_jobs.transcript AS processing_jobs_transcript, processing_jobs.emphasis_points AS processing_jobs_emphasis_points, processing_jobs.detected_entities AS processing_jobs_detected_entities, processing_jobs.applied_style AS processing_jobs_applied_style, processing_jobs.final_video_url AS processing_jobs_final_video_url, processing_jobs.manifest_url AS processing_jobs_manifest_url, processing_jobs.error_message AS processing_jobs_error_message, processing_jobs.retry_count AS processing_jobs_retry_count, processing_jobs.processing_time_seconds AS processing_jobs_processing_time_seconds, processing_jobs.audio_enhancement_time AS processing_jobs_audio_enhancement_time, processing_jobs.transcription_time AS processing_jobs_transcription_time, processing_jobs.emphasis_detection_time AS processing_jobs_emphasis_detection_time, processing_jobs.entity_extraction_time AS processing_jobs_entity_extraction_time, processing_jobs.image_search_time AS processing_jobs_image_search_time, processing_jobs.image_processing_time AS processing_jobs_image_processing_time 
FROM processing_jobs 
WHERE processing_jobs.id = ?
 LIMIT ? OFFSET ?
2025-07-09 12:01:07,552 INFO sqlalchemy.engine.Engine [cached since 1.025s ago] ('12b87d5d-1b93-47b9-a18c-b7e0862a3e8b', 1, 0)
INFO:sqlalchemy.engine.Engine:[cached since 1.025s ago] ('12b87d5d-1b93-47b9-a18c-b7e0862a3e8b', 1, 0)
INFO:     127.0.0.1:60859 - "GET /api/v1/jobs/12b87d5d-1b93-47b9-a18c-b7e0862a3e8b HTTP/1.1" 200 OK
2025-07-09 12:01:07,552 INFO sqlalchemy.engine.Engine ROLLBACK
INFO:sqlalchemy.engine.Engine:ROLLBACK
2025-07-09 12:01:07,558 INFO sqlalchemy.engine.Engine BEGIN (implicit)
INFO:sqlalchemy.engine.Engine:BEGIN (implicit)
2025-07-09 12:01:07,558 INFO sqlalchemy.engine.Engine SELECT processing_jobs.id AS processing_jobs_id, processing_jobs.user_id AS processing_jobs_user_id, processing_jobs.status AS processing_jobs_status, processing_jobs.progress AS processing_jobs_progress, processing_jobs.original_video_url AS processing_jobs_original_video_url, processing_jobs.original_video_hash AS processing_jobs_original_video_hash, processing_jobs.file_size_bytes AS processing_jobs_file_size_bytes, processing_jobs.video_duration_seconds AS processing_jobs_video_duration_seconds, processing_jobs.video_format AS processing_jobs_video_format, processing_jobs.target_platform AS processing_jobs_target_platform, processing_jobs.processing_options AS processing_jobs_processing_options, processing_jobs.created_at AS processing_jobs_created_at, processing_jobs.started_at AS processing_jobs_started_at, processing_jobs.completed_at AS processing_jobs_completed_at, processing_jobs.updated_at AS processing_jobs_updated_at, processing_jobs.transcript AS processing_jobs_transcript, processing_jobs.emphasis_points AS processing_jobs_emphasis_points, processing_jobs.detected_entities AS processing_jobs_detected_entities, processing_jobs.applied_style AS processing_jobs_applied_style, processing_jobs.final_video_url AS processing_jobs_final_video_url, processing_jobs.manifest_url AS processing_jobs_manifest_url, processing_jobs.error_message AS processing_jobs_error_message, processing_jobs.retry_count AS processing_jobs_retry_count, processing_jobs.processing_time_seconds AS processing_jobs_processing_time_seconds, processing_jobs.audio_enhancement_time AS processing_jobs_audio_enhancement_time, processing_jobs.transcription_time AS processing_jobs_transcription_time, processing_jobs.emphasis_detection_time AS processing_jobs_emphasis_detection_time, processing_jobs.entity_extraction_time AS processing_jobs_entity_extraction_time, processing_jobs.image_search_time AS processing_jobs_image_search_time, processing_jobs.image_processing_time AS processing_jobs_image_processing_time 
FROM processing_jobs 
WHERE processing_jobs.id = ?
 LIMIT ? OFFSET ?
INFO:sqlalchemy.engine.Engine:SELECT processing_jobs.id AS processing_jobs_id, processing_jobs.user_id AS processing_jobs_user_id, processing_jobs.status AS processing_jobs_status, processing_jobs.progress AS processing_jobs_progress, processing_jobs.original_video_url AS processing_jobs_original_video_url, processing_jobs.original_video_hash AS processing_jobs_original_video_hash, processing_jobs.file_size_bytes AS processing_jobs_file_size_bytes, processing_jobs.video_duration_seconds AS processing_jobs_video_duration_seconds, processing_jobs.video_format AS processing_jobs_video_format, processing_jobs.target_platform AS processing_jobs_target_platform, processing_jobs.processing_options AS processing_jobs_processing_options, processing_jobs.created_at AS processing_jobs_created_at, processing_jobs.started_at AS processing_jobs_started_at, processing_jobs.completed_at AS processing_jobs_completed_at, processing_jobs.updated_at AS processing_jobs_updated_at, processing_jobs.transcript AS processing_jobs_transcript, processing_jobs.emphasis_points AS processing_jobs_emphasis_points, processing_jobs.detected_entities AS processing_jobs_detected_entities, processing_jobs.applied_style AS processing_jobs_applied_style, processing_jobs.final_video_url AS processing_jobs_final_video_url, processing_jobs.manifest_url AS processing_jobs_manifest_url, processing_jobs.error_message AS processing_jobs_error_message, processing_jobs.retry_count AS processing_jobs_retry_count, processing_jobs.processing_time_seconds AS processing_jobs_processing_time_seconds, processing_jobs.audio_enhancement_time AS processing_jobs_audio_enhancement_time, processing_jobs.transcription_time AS processing_jobs_transcription_time, processing_jobs.emphasis_detection_time AS processing_jobs_emphasis_detection_time, processing_jobs.entity_extraction_time AS processing_jobs_entity_extraction_time, processing_jobs.image_search_time AS processing_jobs_image_search_time, processing_jobs.image_processing_time AS processing_jobs_image_processing_time 
FROM processing_jobs 
WHERE processing_jobs.id = ?
 LIMIT ? OFFSET ?
2025-07-09 12:01:07,558 INFO sqlalchemy.engine.Engine [cached since 1.031s ago] ('12b87d5d-1b93-47b9-a18c-b7e0862a3e8b', 1, 0)
INFO:sqlalchemy.engine.Engine:[cached since 1.031s ago] ('12b87d5d-1b93-47b9-a18c-b7e0862a3e8b', 1, 0)
INFO:     127.0.0.1:60859 - "GET /api/v1/jobs/12b87d5d-1b93-47b9-a18c-b7e0862a3e8b HTTP/1.1" 200 OK
2025-07-09 12:01:07,559 INFO sqlalchemy.engine.Engine ROLLBACK
INFO:sqlalchemy.engine.Engine:ROLLBACK
