INFO:     Will watch for changes in these directories: ['/Users/jexpearce/video-enhancement-saas/backend']
INFO:     Uvicorn running on http://0.0.0.0:8000 (Press CTRL+C to quit)
INFO:     Started reloader process [20473] using WatchFiles
/Users/jexpearce/Library/Python/3.9/lib/python/site-packages/pydantic/_internal/_fields.py:149: UserWarning: Field "model_version" has conflict with protected namespace "model_".

You may be able to resolve this warning by setting `model_config['protected_namespaces'] = ()`.
  warnings.warn(
INFO:     Started server process [20480]
INFO:     Waiting for application startup.
INFO:app.main:Starting Video Enhancement SaaS API...
2025-06-30 18:31:44,516 INFO sqlalchemy.engine.Engine BEGIN (implicit)
INFO:sqlalchemy.engine.Engine:BEGIN (implicit)
2025-06-30 18:31:44,516 INFO sqlalchemy.engine.Engine SELECT 1
INFO:sqlalchemy.engine.Engine:SELECT 1
2025-06-30 18:31:44,516 INFO sqlalchemy.engine.Engine [generated in 0.00008s] ()
INFO:sqlalchemy.engine.Engine:[generated in 0.00008s] ()
2025-06-30 18:31:44,516 INFO sqlalchemy.engine.Engine ROLLBACK
INFO:sqlalchemy.engine.Engine:ROLLBACK
INFO:app.database.connection:Database connection successful
2025-06-30 18:31:44,517 INFO sqlalchemy.engine.Engine BEGIN (implicit)
INFO:sqlalchemy.engine.Engine:BEGIN (implicit)
2025-06-30 18:31:44,517 INFO sqlalchemy.engine.Engine PRAGMA main.table_info("processing_jobs")
INFO:sqlalchemy.engine.Engine:PRAGMA main.table_info("processing_jobs")
2025-06-30 18:31:44,517 INFO sqlalchemy.engine.Engine [raw sql] ()
INFO:sqlalchemy.engine.Engine:[raw sql] ()
2025-06-30 18:31:44,517 INFO sqlalchemy.engine.Engine PRAGMA main.table_info("stored_images")
INFO:sqlalchemy.engine.Engine:PRAGMA main.table_info("stored_images")
2025-06-30 18:31:44,517 INFO sqlalchemy.engine.Engine [raw sql] ()
INFO:sqlalchemy.engine.Engine:[raw sql] ()
2025-06-30 18:31:44,517 INFO sqlalchemy.engine.Engine PRAGMA main.table_info("enriched_entities")
INFO:sqlalchemy.engine.Engine:PRAGMA main.table_info("enriched_entities")
2025-06-30 18:31:44,517 INFO sqlalchemy.engine.Engine [raw sql] ()
INFO:sqlalchemy.engine.Engine:[raw sql] ()
2025-06-30 18:31:44,517 INFO sqlalchemy.engine.Engine PRAGMA main.table_info("emphasis_points")
INFO:sqlalchemy.engine.Engine:PRAGMA main.table_info("emphasis_points")
2025-06-30 18:31:44,517 INFO sqlalchemy.engine.Engine [raw sql] ()
INFO:sqlalchemy.engine.Engine:[raw sql] ()
2025-06-30 18:31:44,517 INFO sqlalchemy.engine.Engine PRAGMA main.table_info("user_preferences")
INFO:sqlalchemy.engine.Engine:PRAGMA main.table_info("user_preferences")
2025-06-30 18:31:44,517 INFO sqlalchemy.engine.Engine [raw sql] ()
INFO:sqlalchemy.engine.Engine:[raw sql] ()
2025-06-30 18:31:44,517 INFO sqlalchemy.engine.Engine PRAGMA main.table_info("api_usage")
INFO:sqlalchemy.engine.Engine:PRAGMA main.table_info("api_usage")
2025-06-30 18:31:44,517 INFO sqlalchemy.engine.Engine [raw sql] ()
INFO:sqlalchemy.engine.Engine:[raw sql] ()
2025-06-30 18:31:44,517 INFO sqlalchemy.engine.Engine COMMIT
INFO:sqlalchemy.engine.Engine:COMMIT
INFO:app.database.connection:Database tables created successfully
INFO:app.main:Database initialized successfully
INFO:app.main:=== API Key Setup ===
INFO:app.main:# Add these to your .env file for testing:
INFO:app.main:ADMIN_API_KEY=vea_206e67de96fd0e77f83286de4ac20698b62787367c68322d93ad7ee89915f259
INFO:app.main:# Demo API keys (for testing):
INFO:app.main:# demo_user_1: vea_146dccbfcd0dd987129c5da2090feb0ea1b13daae6a28a2d4eb2983beefcde76
INFO:app.main:# demo_user_2: vea_5e2cc75dcc193b5502eea02561f9020e6f3be1094dc790c427cf5ef393a29bf9
INFO:app.main:# demo_user_3: vea_b17d1a0818685c2558a36e0cf94f5f944f6323c2b82b91df63a72f0ece67be0c
INFO:app.main:# Usage examples:
INFO:app.main:# curl -H "Authorization: Bearer vea_206e67de96fd0e77f83286de4ac20698b62787367c68322d93ad7ee89915f259" http://localhost:8000/api/v1/health/detailed
INFO:app.main:# curl -H "Authorization: Bearer vea_146dccbfcd0dd987129c5da2090feb0ea1b13daae6a28a2d4eb2983beefcde76" http://localhost:8000/api/v1/jobs
INFO:app.main:======================
INFO:app.main:API startup completed successfully
INFO:     Application startup complete.
2025-06-30 18:31:53,669 INFO sqlalchemy.engine.Engine BEGIN (implicit)
INFO:sqlalchemy.engine.Engine:BEGIN (implicit)
2025-06-30 18:31:53,670 INFO sqlalchemy.engine.Engine SELECT 1
INFO:sqlalchemy.engine.Engine:SELECT 1
2025-06-30 18:31:53,670 INFO sqlalchemy.engine.Engine [cached since 9.154s ago] ()
INFO:sqlalchemy.engine.Engine:[cached since 9.154s ago] ()
2025-06-30 18:31:53,670 INFO sqlalchemy.engine.Engine ROLLBACK
INFO:sqlalchemy.engine.Engine:ROLLBACK
INFO:app.database.connection:Database connection successful
INFO:     127.0.0.1:62064 - "GET /api/v1/health HTTP/1.1" 200 OK
WARNING:  WatchFiles detected changes in 'app/services/images/providers/wikimedia.py'. Reloading...
INFO:     Shutting down
INFO:     Waiting for application shutdown.
INFO:app.main:Shutting down Video Enhancement SaaS API...
INFO:     Application shutdown complete.
INFO:     Finished server process [20480]
/Users/jexpearce/Library/Python/3.9/lib/python/site-packages/pydantic/_internal/_fields.py:149: UserWarning: Field "model_version" has conflict with protected namespace "model_".

You may be able to resolve this warning by setting `model_config['protected_namespaces'] = ()`.
  warnings.warn(
INFO:     Started server process [20613]
INFO:     Waiting for application startup.
INFO:app.main:Starting Video Enhancement SaaS API...
2025-06-30 18:32:42,659 INFO sqlalchemy.engine.Engine BEGIN (implicit)
INFO:sqlalchemy.engine.Engine:BEGIN (implicit)
2025-06-30 18:32:42,659 INFO sqlalchemy.engine.Engine SELECT 1
INFO:sqlalchemy.engine.Engine:SELECT 1
2025-06-30 18:32:42,659 INFO sqlalchemy.engine.Engine [generated in 0.00009s] ()
INFO:sqlalchemy.engine.Engine:[generated in 0.00009s] ()
2025-06-30 18:32:42,659 INFO sqlalchemy.engine.Engine ROLLBACK
INFO:sqlalchemy.engine.Engine:ROLLBACK
INFO:app.database.connection:Database connection successful
2025-06-30 18:32:42,660 INFO sqlalchemy.engine.Engine BEGIN (implicit)
INFO:sqlalchemy.engine.Engine:BEGIN (implicit)
2025-06-30 18:32:42,660 INFO sqlalchemy.engine.Engine PRAGMA main.table_info("processing_jobs")
INFO:sqlalchemy.engine.Engine:PRAGMA main.table_info("processing_jobs")
2025-06-30 18:32:42,660 INFO sqlalchemy.engine.Engine [raw sql] ()
INFO:sqlalchemy.engine.Engine:[raw sql] ()
2025-06-30 18:32:42,660 INFO sqlalchemy.engine.Engine PRAGMA main.table_info("stored_images")
INFO:sqlalchemy.engine.Engine:PRAGMA main.table_info("stored_images")
2025-06-30 18:32:42,660 INFO sqlalchemy.engine.Engine [raw sql] ()
INFO:sqlalchemy.engine.Engine:[raw sql] ()
2025-06-30 18:32:42,660 INFO sqlalchemy.engine.Engine PRAGMA main.table_info("enriched_entities")
INFO:sqlalchemy.engine.Engine:PRAGMA main.table_info("enriched_entities")
2025-06-30 18:32:42,660 INFO sqlalchemy.engine.Engine [raw sql] ()
INFO:sqlalchemy.engine.Engine:[raw sql] ()
2025-06-30 18:32:42,660 INFO sqlalchemy.engine.Engine PRAGMA main.table_info("emphasis_points")
INFO:sqlalchemy.engine.Engine:PRAGMA main.table_info("emphasis_points")
2025-06-30 18:32:42,660 INFO sqlalchemy.engine.Engine [raw sql] ()
INFO:sqlalchemy.engine.Engine:[raw sql] ()
2025-06-30 18:32:42,660 INFO sqlalchemy.engine.Engine PRAGMA main.table_info("user_preferences")
INFO:sqlalchemy.engine.Engine:PRAGMA main.table_info("user_preferences")
2025-06-30 18:32:42,660 INFO sqlalchemy.engine.Engine [raw sql] ()
INFO:sqlalchemy.engine.Engine:[raw sql] ()
2025-06-30 18:32:42,660 INFO sqlalchemy.engine.Engine PRAGMA main.table_info("api_usage")
INFO:sqlalchemy.engine.Engine:PRAGMA main.table_info("api_usage")
2025-06-30 18:32:42,660 INFO sqlalchemy.engine.Engine [raw sql] ()
INFO:sqlalchemy.engine.Engine:[raw sql] ()
2025-06-30 18:32:42,661 INFO sqlalchemy.engine.Engine COMMIT
INFO:sqlalchemy.engine.Engine:COMMIT
INFO:app.database.connection:Database tables created successfully
INFO:app.main:Database initialized successfully
INFO:app.main:=== API Key Setup ===
INFO:app.main:# Add these to your .env file for testing:
INFO:app.main:ADMIN_API_KEY=vea_71cefdac9c67567052bd7ce17b7d04b4a859fa776337584ac86516544a88c3cc
INFO:app.main:# Demo API keys (for testing):
INFO:app.main:# demo_user_1: vea_4b9e2c7370f2e9b4945416a4b97e7794590bcdac05d2964d3defdb89b80a2051
INFO:app.main:# demo_user_2: vea_4c1a8770f212ca270e3f4d538017c14d904584c5d7389a189ebd6d17b43fc193
INFO:app.main:# demo_user_3: vea_d642cec37ff2dd6c444247d874bd01626ca1bb1404d4e6af0af24dae73731fbc
INFO:app.main:# Usage examples:
INFO:app.main:# curl -H "Authorization: Bearer vea_71cefdac9c67567052bd7ce17b7d04b4a859fa776337584ac86516544a88c3cc" http://localhost:8000/api/v1/health/detailed
INFO:app.main:# curl -H "Authorization: Bearer vea_4b9e2c7370f2e9b4945416a4b97e7794590bcdac05d2964d3defdb89b80a2051" http://localhost:8000/api/v1/jobs
INFO:app.main:======================
INFO:app.main:API startup completed successfully
INFO:     Application startup complete.
WARNING:  WatchFiles detected changes in 'app/services/images/content_matcher.py'. Reloading...
INFO:     Shutting down
INFO:     Waiting for application shutdown.
INFO:app.main:Shutting down Video Enhancement SaaS API...
INFO:     Application shutdown complete.
INFO:     Finished server process [20613]
/Users/jexpearce/Library/Python/3.9/lib/python/site-packages/pydantic/_internal/_fields.py:149: UserWarning: Field "model_version" has conflict with protected namespace "model_".

You may be able to resolve this warning by setting `model_config['protected_namespaces'] = ()`.
  warnings.warn(
INFO:     Started server process [20643]
INFO:     Waiting for application startup.
INFO:app.main:Starting Video Enhancement SaaS API...
2025-06-30 18:33:01,854 INFO sqlalchemy.engine.Engine BEGIN (implicit)
INFO:sqlalchemy.engine.Engine:BEGIN (implicit)
2025-06-30 18:33:01,858 INFO sqlalchemy.engine.Engine SELECT 1
INFO:sqlalchemy.engine.Engine:SELECT 1
2025-06-30 18:33:01,865 INFO sqlalchemy.engine.Engine [generated in 0.00604s] ()
INFO:sqlalchemy.engine.Engine:[generated in 0.00604s] ()
2025-06-30 18:33:01,871 INFO sqlalchemy.engine.Engine ROLLBACK
INFO:sqlalchemy.engine.Engine:ROLLBACK
INFO:app.database.connection:Database connection successful
2025-06-30 18:33:01,871 INFO sqlalchemy.engine.Engine BEGIN (implicit)
INFO:sqlalchemy.engine.Engine:BEGIN (implicit)
2025-06-30 18:33:01,872 INFO sqlalchemy.engine.Engine PRAGMA main.table_info("processing_jobs")
INFO:sqlalchemy.engine.Engine:PRAGMA main.table_info("processing_jobs")
2025-06-30 18:33:01,872 INFO sqlalchemy.engine.Engine [raw sql] ()
INFO:sqlalchemy.engine.Engine:[raw sql] ()
2025-06-30 18:33:01,876 INFO sqlalchemy.engine.Engine PRAGMA main.table_info("stored_images")
INFO:sqlalchemy.engine.Engine:PRAGMA main.table_info("stored_images")
2025-06-30 18:33:01,876 INFO sqlalchemy.engine.Engine [raw sql] ()
INFO:sqlalchemy.engine.Engine:[raw sql] ()
2025-06-30 18:33:01,876 INFO sqlalchemy.engine.Engine PRAGMA main.table_info("enriched_entities")
INFO:sqlalchemy.engine.Engine:PRAGMA main.table_info("enriched_entities")
2025-06-30 18:33:01,877 INFO sqlalchemy.engine.Engine [raw sql] ()
INFO:sqlalchemy.engine.Engine:[raw sql] ()
2025-06-30 18:33:01,878 INFO sqlalchemy.engine.Engine PRAGMA main.table_info("emphasis_points")
INFO:sqlalchemy.engine.Engine:PRAGMA main.table_info("emphasis_points")
2025-06-30 18:33:01,878 INFO sqlalchemy.engine.Engine [raw sql] ()
INFO:sqlalchemy.engine.Engine:[raw sql] ()
2025-06-30 18:33:01,879 INFO sqlalchemy.engine.Engine PRAGMA main.table_info("user_preferences")
INFO:sqlalchemy.engine.Engine:PRAGMA main.table_info("user_preferences")
2025-06-30 18:33:01,879 INFO sqlalchemy.engine.Engine [raw sql] ()
INFO:sqlalchemy.engine.Engine:[raw sql] ()
2025-06-30 18:33:01,879 INFO sqlalchemy.engine.Engine PRAGMA main.table_info("api_usage")
INFO:sqlalchemy.engine.Engine:PRAGMA main.table_info("api_usage")
2025-06-30 18:33:01,879 INFO sqlalchemy.engine.Engine [raw sql] ()
INFO:sqlalchemy.engine.Engine:[raw sql] ()
2025-06-30 18:33:01,880 INFO sqlalchemy.engine.Engine COMMIT
INFO:sqlalchemy.engine.Engine:COMMIT
INFO:app.database.connection:Database tables created successfully
INFO:app.main:Database initialized successfully
INFO:app.main:=== API Key Setup ===
INFO:app.main:# Add these to your .env file for testing:
INFO:app.main:ADMIN_API_KEY=vea_deee7b7ed27f686bb62bbd229423d448b28cfc3c1fff600d4a7b9dc98005c97f
INFO:app.main:# Demo API keys (for testing):
INFO:app.main:# demo_user_1: vea_3fee844149dafdf7b330612058abe31ef47199c74aba932453202a0e9ab38314
INFO:app.main:# demo_user_2: vea_b79a7704cc59aa15eff2d37ed87ea6a30ad8539710b2bc2930939a797dc5fec9
INFO:app.main:# demo_user_3: vea_30794ced75d2c715bbd6eda85a95363489487a5fa81d54432c6e3072a6389f5f
INFO:app.main:# Usage examples:
INFO:app.main:# curl -H "Authorization: Bearer vea_deee7b7ed27f686bb62bbd229423d448b28cfc3c1fff600d4a7b9dc98005c97f" http://localhost:8000/api/v1/health/detailed
INFO:app.main:# curl -H "Authorization: Bearer vea_3fee844149dafdf7b330612058abe31ef47199c74aba932453202a0e9ab38314" http://localhost:8000/api/v1/jobs
INFO:app.main:======================
INFO:app.main:API startup completed successfully
INFO:     Application startup complete.
WARNING:  WatchFiles detected changes in 'app/services/images/styles/style_engine.py'. Reloading...
INFO:     Shutting down
INFO:     Waiting for application shutdown.
INFO:app.main:Shutting down Video Enhancement SaaS API...
INFO:     Application shutdown complete.
INFO:     Finished server process [20643]
/Users/jexpearce/Library/Python/3.9/lib/python/site-packages/pydantic/_internal/_fields.py:149: UserWarning: Field "model_version" has conflict with protected namespace "model_".

You may be able to resolve this warning by setting `model_config['protected_namespaces'] = ()`.
  warnings.warn(
INFO:     Started server process [20771]
INFO:     Waiting for application startup.
INFO:app.main:Starting Video Enhancement SaaS API...
2025-06-30 18:34:08,401 INFO sqlalchemy.engine.Engine BEGIN (implicit)
INFO:sqlalchemy.engine.Engine:BEGIN (implicit)
2025-06-30 18:34:08,401 INFO sqlalchemy.engine.Engine SELECT 1
INFO:sqlalchemy.engine.Engine:SELECT 1
2025-06-30 18:34:08,401 INFO sqlalchemy.engine.Engine [generated in 0.00010s] ()
INFO:sqlalchemy.engine.Engine:[generated in 0.00010s] ()
2025-06-30 18:34:08,401 INFO sqlalchemy.engine.Engine ROLLBACK
INFO:sqlalchemy.engine.Engine:ROLLBACK
INFO:app.database.connection:Database connection successful
2025-06-30 18:34:08,401 INFO sqlalchemy.engine.Engine BEGIN (implicit)
INFO:sqlalchemy.engine.Engine:BEGIN (implicit)
2025-06-30 18:34:08,401 INFO sqlalchemy.engine.Engine PRAGMA main.table_info("processing_jobs")
INFO:sqlalchemy.engine.Engine:PRAGMA main.table_info("processing_jobs")
2025-06-30 18:34:08,401 INFO sqlalchemy.engine.Engine [raw sql] ()
INFO:sqlalchemy.engine.Engine:[raw sql] ()
2025-06-30 18:34:08,402 INFO sqlalchemy.engine.Engine PRAGMA main.table_info("stored_images")
INFO:sqlalchemy.engine.Engine:PRAGMA main.table_info("stored_images")
2025-06-30 18:34:08,402 INFO sqlalchemy.engine.Engine [raw sql] ()
INFO:sqlalchemy.engine.Engine:[raw sql] ()
2025-06-30 18:34:08,402 INFO sqlalchemy.engine.Engine PRAGMA main.table_info("enriched_entities")
INFO:sqlalchemy.engine.Engine:PRAGMA main.table_info("enriched_entities")
2025-06-30 18:34:08,402 INFO sqlalchemy.engine.Engine [raw sql] ()
INFO:sqlalchemy.engine.Engine:[raw sql] ()
2025-06-30 18:34:08,402 INFO sqlalchemy.engine.Engine PRAGMA main.table_info("emphasis_points")
INFO:sqlalchemy.engine.Engine:PRAGMA main.table_info("emphasis_points")
2025-06-30 18:34:08,402 INFO sqlalchemy.engine.Engine [raw sql] ()
INFO:sqlalchemy.engine.Engine:[raw sql] ()
2025-06-30 18:34:08,402 INFO sqlalchemy.engine.Engine PRAGMA main.table_info("user_preferences")
INFO:sqlalchemy.engine.Engine:PRAGMA main.table_info("user_preferences")
2025-06-30 18:34:08,402 INFO sqlalchemy.engine.Engine [raw sql] ()
INFO:sqlalchemy.engine.Engine:[raw sql] ()
2025-06-30 18:34:08,402 INFO sqlalchemy.engine.Engine PRAGMA main.table_info("api_usage")
INFO:sqlalchemy.engine.Engine:PRAGMA main.table_info("api_usage")
2025-06-30 18:34:08,402 INFO sqlalchemy.engine.Engine [raw sql] ()
INFO:sqlalchemy.engine.Engine:[raw sql] ()
2025-06-30 18:34:08,403 INFO sqlalchemy.engine.Engine COMMIT
INFO:sqlalchemy.engine.Engine:COMMIT
INFO:app.database.connection:Database tables created successfully
INFO:app.main:Database initialized successfully
INFO:app.main:=== API Key Setup ===
INFO:app.main:# Add these to your .env file for testing:
INFO:app.main:ADMIN_API_KEY=vea_30f5350d1bc98d9969c1e87271e5a4131007d6648de4030e802e3a2e9731926d
INFO:app.main:# Demo API keys (for testing):
INFO:app.main:# demo_user_1: vea_510dbe1de5cc5b0b2b13718029cc9d07216bc75cff1dde0d7b96303432f25b7a
INFO:app.main:# demo_user_2: vea_fc4bed392c623943f0c018a2724ec3d5d4bb296739dc66199345c1fc3b6eb1be
INFO:app.main:# demo_user_3: vea_360c9031c60f0141a498ea086025d82449a984beb8fa304cb84ba20cabee58f6
INFO:app.main:# Usage examples:
INFO:app.main:# curl -H "Authorization: Bearer vea_30f5350d1bc98d9969c1e87271e5a4131007d6648de4030e802e3a2e9731926d" http://localhost:8000/api/v1/health/detailed
INFO:app.main:# curl -H "Authorization: Bearer vea_510dbe1de5cc5b0b2b13718029cc9d07216bc75cff1dde0d7b96303432f25b7a" http://localhost:8000/api/v1/jobs
INFO:app.main:======================
INFO:app.main:API startup completed successfully
INFO:     Application startup complete.
WARNING:  WatchFiles detected changes in 'app/services/images/curation/curator.py'. Reloading...
INFO:     Shutting down
INFO:     Waiting for application shutdown.
INFO:app.main:Shutting down Video Enhancement SaaS API...
INFO:     Application shutdown complete.
INFO:     Finished server process [20771]
/Users/jexpearce/Library/Python/3.9/lib/python/site-packages/pydantic/_internal/_fields.py:149: UserWarning: Field "model_version" has conflict with protected namespace "model_".

You may be able to resolve this warning by setting `model_config['protected_namespaces'] = ()`.
  warnings.warn(
INFO:     Started server process [20858]
INFO:     Waiting for application startup.
INFO:app.main:Starting Video Enhancement SaaS API...
2025-06-30 18:34:54,888 INFO sqlalchemy.engine.Engine BEGIN (implicit)
INFO:sqlalchemy.engine.Engine:BEGIN (implicit)
2025-06-30 18:34:54,888 INFO sqlalchemy.engine.Engine SELECT 1
INFO:sqlalchemy.engine.Engine:SELECT 1
2025-06-30 18:34:54,888 INFO sqlalchemy.engine.Engine [generated in 0.00009s] ()
INFO:sqlalchemy.engine.Engine:[generated in 0.00009s] ()
2025-06-30 18:34:54,888 INFO sqlalchemy.engine.Engine ROLLBACK
INFO:sqlalchemy.engine.Engine:ROLLBACK
INFO:app.database.connection:Database connection successful
2025-06-30 18:34:54,888 INFO sqlalchemy.engine.Engine BEGIN (implicit)
INFO:sqlalchemy.engine.Engine:BEGIN (implicit)
2025-06-30 18:34:54,888 INFO sqlalchemy.engine.Engine PRAGMA main.table_info("processing_jobs")
INFO:sqlalchemy.engine.Engine:PRAGMA main.table_info("processing_jobs")
2025-06-30 18:34:54,889 INFO sqlalchemy.engine.Engine [raw sql] ()
INFO:sqlalchemy.engine.Engine:[raw sql] ()
2025-06-30 18:34:54,889 INFO sqlalchemy.engine.Engine PRAGMA main.table_info("stored_images")
INFO:sqlalchemy.engine.Engine:PRAGMA main.table_info("stored_images")
2025-06-30 18:34:54,889 INFO sqlalchemy.engine.Engine [raw sql] ()
INFO:sqlalchemy.engine.Engine:[raw sql] ()
2025-06-30 18:34:54,889 INFO sqlalchemy.engine.Engine PRAGMA main.table_info("enriched_entities")
INFO:sqlalchemy.engine.Engine:PRAGMA main.table_info("enriched_entities")
2025-06-30 18:34:54,889 INFO sqlalchemy.engine.Engine [raw sql] ()
INFO:sqlalchemy.engine.Engine:[raw sql] ()
2025-06-30 18:34:54,889 INFO sqlalchemy.engine.Engine PRAGMA main.table_info("emphasis_points")
INFO:sqlalchemy.engine.Engine:PRAGMA main.table_info("emphasis_points")
2025-06-30 18:34:54,889 INFO sqlalchemy.engine.Engine [raw sql] ()
INFO:sqlalchemy.engine.Engine:[raw sql] ()
2025-06-30 18:34:54,889 INFO sqlalchemy.engine.Engine PRAGMA main.table_info("user_preferences")
INFO:sqlalchemy.engine.Engine:PRAGMA main.table_info("user_preferences")
2025-06-30 18:34:54,889 INFO sqlalchemy.engine.Engine [raw sql] ()
INFO:sqlalchemy.engine.Engine:[raw sql] ()
2025-06-30 18:34:54,889 INFO sqlalchemy.engine.Engine PRAGMA main.table_info("api_usage")
INFO:sqlalchemy.engine.Engine:PRAGMA main.table_info("api_usage")
2025-06-30 18:34:54,889 INFO sqlalchemy.engine.Engine [raw sql] ()
INFO:sqlalchemy.engine.Engine:[raw sql] ()
2025-06-30 18:34:54,889 INFO sqlalchemy.engine.Engine COMMIT
INFO:sqlalchemy.engine.Engine:COMMIT
INFO:app.database.connection:Database tables created successfully
INFO:app.main:Database initialized successfully
INFO:app.main:=== API Key Setup ===
INFO:app.main:# Add these to your .env file for testing:
INFO:app.main:ADMIN_API_KEY=vea_daaca0b54cd8c15d5e6f525fd1faa3c6adf35d1c418c4059e21b7c9370f781d4
INFO:app.main:# Demo API keys (for testing):
INFO:app.main:# demo_user_1: vea_83e124a19fb6ba20b41ba5033c5bee79907d29161c751619dfcce6483ef734b9
INFO:app.main:# demo_user_2: vea_943f5d5e62a7f4497bca9d3d477c293a17b30931b4313b43a657b708cf749179
INFO:app.main:# demo_user_3: vea_a442ad1962f7298f606d9b39173e32364c7a0120e2a719b131a46489b583372c
INFO:app.main:# Usage examples:
INFO:app.main:# curl -H "Authorization: Bearer vea_daaca0b54cd8c15d5e6f525fd1faa3c6adf35d1c418c4059e21b7c9370f781d4" http://localhost:8000/api/v1/health/detailed
INFO:app.main:# curl -H "Authorization: Bearer vea_83e124a19fb6ba20b41ba5033c5bee79907d29161c751619dfcce6483ef734b9" http://localhost:8000/api/v1/jobs
INFO:app.main:======================
INFO:app.main:API startup completed successfully
INFO:     Application startup complete.
WARNING:  WatchFiles detected changes in 'app/services/images/curation/curator.py'. Reloading...
INFO:     Shutting down
INFO:     Waiting for application shutdown.
INFO:app.main:Shutting down Video Enhancement SaaS API...
INFO:     Application shutdown complete.
INFO:     Finished server process [20858]
WARNING:  WatchFiles detected changes in 'app/services/images/curation/curator.py'. Reloading...
/Users/jexpearce/Library/Python/3.9/lib/python/site-packages/pydantic/_internal/_fields.py:149: UserWarning: Field "model_version" has conflict with protected namespace "model_".

You may be able to resolve this warning by setting `model_config['protected_namespaces'] = ()`.
  warnings.warn(
INFO:     Started server process [20884]
INFO:     Waiting for application startup.
INFO:app.main:Starting Video Enhancement SaaS API...
2025-06-30 18:35:06,373 INFO sqlalchemy.engine.Engine BEGIN (implicit)
INFO:sqlalchemy.engine.Engine:BEGIN (implicit)
2025-06-30 18:35:06,373 INFO sqlalchemy.engine.Engine SELECT 1
INFO:sqlalchemy.engine.Engine:SELECT 1
2025-06-30 18:35:06,373 INFO sqlalchemy.engine.Engine [generated in 0.00010s] ()
INFO:sqlalchemy.engine.Engine:[generated in 0.00010s] ()
2025-06-30 18:35:06,373 INFO sqlalchemy.engine.Engine ROLLBACK
INFO:sqlalchemy.engine.Engine:ROLLBACK
INFO:app.database.connection:Database connection successful
2025-06-30 18:35:06,373 INFO sqlalchemy.engine.Engine BEGIN (implicit)
INFO:sqlalchemy.engine.Engine:BEGIN (implicit)
2025-06-30 18:35:06,373 INFO sqlalchemy.engine.Engine PRAGMA main.table_info("processing_jobs")
INFO:sqlalchemy.engine.Engine:PRAGMA main.table_info("processing_jobs")
2025-06-30 18:35:06,373 INFO sqlalchemy.engine.Engine [raw sql] ()
INFO:sqlalchemy.engine.Engine:[raw sql] ()
2025-06-30 18:35:06,373 INFO sqlalchemy.engine.Engine PRAGMA main.table_info("stored_images")
INFO:sqlalchemy.engine.Engine:PRAGMA main.table_info("stored_images")
2025-06-30 18:35:06,373 INFO sqlalchemy.engine.Engine [raw sql] ()
INFO:sqlalchemy.engine.Engine:[raw sql] ()
2025-06-30 18:35:06,373 INFO sqlalchemy.engine.Engine PRAGMA main.table_info("enriched_entities")
INFO:sqlalchemy.engine.Engine:PRAGMA main.table_info("enriched_entities")
2025-06-30 18:35:06,373 INFO sqlalchemy.engine.Engine [raw sql] ()
INFO:sqlalchemy.engine.Engine:[raw sql] ()
2025-06-30 18:35:06,374 INFO sqlalchemy.engine.Engine PRAGMA main.table_info("emphasis_points")
INFO:sqlalchemy.engine.Engine:PRAGMA main.table_info("emphasis_points")
2025-06-30 18:35:06,374 INFO sqlalchemy.engine.Engine [raw sql] ()
INFO:sqlalchemy.engine.Engine:[raw sql] ()
2025-06-30 18:35:06,374 INFO sqlalchemy.engine.Engine PRAGMA main.table_info("user_preferences")
INFO:sqlalchemy.engine.Engine:PRAGMA main.table_info("user_preferences")
2025-06-30 18:35:06,374 INFO sqlalchemy.engine.Engine [raw sql] ()
INFO:sqlalchemy.engine.Engine:[raw sql] ()
2025-06-30 18:35:06,374 INFO sqlalchemy.engine.Engine PRAGMA main.table_info("api_usage")
INFO:sqlalchemy.engine.Engine:PRAGMA main.table_info("api_usage")
2025-06-30 18:35:06,374 INFO sqlalchemy.engine.Engine [raw sql] ()
INFO:sqlalchemy.engine.Engine:[raw sql] ()
2025-06-30 18:35:06,374 INFO sqlalchemy.engine.Engine COMMIT
INFO:sqlalchemy.engine.Engine:COMMIT
INFO:app.database.connection:Database tables created successfully
INFO:app.main:Database initialized successfully
INFO:app.main:=== API Key Setup ===
INFO:app.main:# Add these to your .env file for testing:
INFO:app.main:ADMIN_API_KEY=vea_03f8692cbea3f64ba84f758fff67b439f09717a3b893e1d4dee812bffa4a4623
INFO:app.main:# Demo API keys (for testing):
INFO:app.main:# demo_user_1: vea_73248d5cb2d371bfb9857ec8c4e4b49346d36354bd5f9085b81903dd4565e027
INFO:app.main:# demo_user_2: vea_4e94cd16621fdc143d521d600fb6e681e7e3548db7b5a0ef6aafddd88e3cc8aa
INFO:app.main:# demo_user_3: vea_af723cf905215642553e9029629dd2c408da26a451e02b7883a70b9a18e6302a
INFO:app.main:# Usage examples:
INFO:app.main:# curl -H "Authorization: Bearer vea_03f8692cbea3f64ba84f758fff67b439f09717a3b893e1d4dee812bffa4a4623" http://localhost:8000/api/v1/health/detailed
INFO:app.main:# curl -H "Authorization: Bearer vea_73248d5cb2d371bfb9857ec8c4e4b49346d36354bd5f9085b81903dd4565e027" http://localhost:8000/api/v1/jobs
INFO:app.main:======================
INFO:app.main:API startup completed successfully
INFO:     Application startup complete.
WARNING:  WatchFiles detected changes in 'app/services/images/image_searcher.py'. Reloading...
INFO:     Shutting down
INFO:     Waiting for application shutdown.
INFO:app.main:Shutting down Video Enhancement SaaS API...
INFO:     Application shutdown complete.
INFO:     Finished server process [20884]
/Users/jexpearce/Library/Python/3.9/lib/python/site-packages/pydantic/_internal/_fields.py:149: UserWarning: Field "model_version" has conflict with protected namespace "model_".

You may be able to resolve this warning by setting `model_config['protected_namespaces'] = ()`.
  warnings.warn(
INFO:     Started server process [21054]
INFO:     Waiting for application startup.
INFO:app.main:Starting Video Enhancement SaaS API...
2025-06-30 18:36:31,771 INFO sqlalchemy.engine.Engine BEGIN (implicit)
INFO:sqlalchemy.engine.Engine:BEGIN (implicit)
2025-06-30 18:36:31,771 INFO sqlalchemy.engine.Engine SELECT 1
INFO:sqlalchemy.engine.Engine:SELECT 1
2025-06-30 18:36:31,771 INFO sqlalchemy.engine.Engine [generated in 0.00009s] ()
INFO:sqlalchemy.engine.Engine:[generated in 0.00009s] ()
2025-06-30 18:36:31,771 INFO sqlalchemy.engine.Engine ROLLBACK
INFO:sqlalchemy.engine.Engine:ROLLBACK
INFO:app.database.connection:Database connection successful
2025-06-30 18:36:31,771 INFO sqlalchemy.engine.Engine BEGIN (implicit)
INFO:sqlalchemy.engine.Engine:BEGIN (implicit)
2025-06-30 18:36:31,771 INFO sqlalchemy.engine.Engine PRAGMA main.table_info("processing_jobs")
INFO:sqlalchemy.engine.Engine:PRAGMA main.table_info("processing_jobs")
2025-06-30 18:36:31,771 INFO sqlalchemy.engine.Engine [raw sql] ()
INFO:sqlalchemy.engine.Engine:[raw sql] ()
2025-06-30 18:36:31,771 INFO sqlalchemy.engine.Engine PRAGMA main.table_info("stored_images")
INFO:sqlalchemy.engine.Engine:PRAGMA main.table_info("stored_images")
2025-06-30 18:36:31,771 INFO sqlalchemy.engine.Engine [raw sql] ()
INFO:sqlalchemy.engine.Engine:[raw sql] ()
2025-06-30 18:36:31,771 INFO sqlalchemy.engine.Engine PRAGMA main.table_info("enriched_entities")
INFO:sqlalchemy.engine.Engine:PRAGMA main.table_info("enriched_entities")
2025-06-30 18:36:31,771 INFO sqlalchemy.engine.Engine [raw sql] ()
INFO:sqlalchemy.engine.Engine:[raw sql] ()
2025-06-30 18:36:31,771 INFO sqlalchemy.engine.Engine PRAGMA main.table_info("emphasis_points")
INFO:sqlalchemy.engine.Engine:PRAGMA main.table_info("emphasis_points")
2025-06-30 18:36:31,771 INFO sqlalchemy.engine.Engine [raw sql] ()
INFO:sqlalchemy.engine.Engine:[raw sql] ()
2025-06-30 18:36:31,771 INFO sqlalchemy.engine.Engine PRAGMA main.table_info("user_preferences")
INFO:sqlalchemy.engine.Engine:PRAGMA main.table_info("user_preferences")
2025-06-30 18:36:31,771 INFO sqlalchemy.engine.Engine [raw sql] ()
INFO:sqlalchemy.engine.Engine:[raw sql] ()
2025-06-30 18:36:31,772 INFO sqlalchemy.engine.Engine PRAGMA main.table_info("api_usage")
INFO:sqlalchemy.engine.Engine:PRAGMA main.table_info("api_usage")
2025-06-30 18:36:31,772 INFO sqlalchemy.engine.Engine [raw sql] ()
INFO:sqlalchemy.engine.Engine:[raw sql] ()
2025-06-30 18:36:31,772 INFO sqlalchemy.engine.Engine COMMIT
INFO:sqlalchemy.engine.Engine:COMMIT
INFO:app.database.connection:Database tables created successfully
INFO:app.main:Database initialized successfully
INFO:app.main:=== API Key Setup ===
INFO:app.main:# Add these to your .env file for testing:
INFO:app.main:ADMIN_API_KEY=vea_f6f51c72f171c217dee3c790adaa6b7288290db492e2a7ccc2484c52f427abc4
INFO:app.main:# Demo API keys (for testing):
INFO:app.main:# demo_user_1: vea_94f03c48e3588989c432f0ca265fc60d8391fea07a775e6275ae856e8de49648
INFO:app.main:# demo_user_2: vea_bf8fb3a3989ec9e2baac5a1ab0c9fc0e17f32b8168e4795f03a0fc44dc936644
INFO:app.main:# demo_user_3: vea_ac8d877f7e445c47411d048174b941e5195124e8fcf73a28c0dea38128028683
INFO:app.main:# Usage examples:
INFO:app.main:# curl -H "Authorization: Bearer vea_f6f51c72f171c217dee3c790adaa6b7288290db492e2a7ccc2484c52f427abc4" http://localhost:8000/api/v1/health/detailed
INFO:app.main:# curl -H "Authorization: Bearer vea_94f03c48e3588989c432f0ca265fc60d8391fea07a775e6275ae856e8de49648" http://localhost:8000/api/v1/jobs
INFO:app.main:======================
INFO:app.main:API startup completed successfully
INFO:     Application startup complete.
WARNING:  WatchFiles detected changes in 'app/services/processing_pipeline.py'. Reloading...
INFO:     Shutting down
INFO:     Waiting for application shutdown.
INFO:app.main:Shutting down Video Enhancement SaaS API...
INFO:     Application shutdown complete.
INFO:     Finished server process [21054]
/Users/jexpearce/Library/Python/3.9/lib/python/site-packages/pydantic/_internal/_fields.py:149: UserWarning: Field "model_version" has conflict with protected namespace "model_".

You may be able to resolve this warning by setting `model_config['protected_namespaces'] = ()`.
  warnings.warn(
INFO:     Started server process [21122]
INFO:     Waiting for application startup.
INFO:app.main:Starting Video Enhancement SaaS API...
2025-06-30 18:37:00,140 INFO sqlalchemy.engine.Engine BEGIN (implicit)
INFO:sqlalchemy.engine.Engine:BEGIN (implicit)
2025-06-30 18:37:00,140 INFO sqlalchemy.engine.Engine SELECT 1
INFO:sqlalchemy.engine.Engine:SELECT 1
2025-06-30 18:37:00,140 INFO sqlalchemy.engine.Engine [generated in 0.00017s] ()
INFO:sqlalchemy.engine.Engine:[generated in 0.00017s] ()
2025-06-30 18:37:00,140 INFO sqlalchemy.engine.Engine ROLLBACK
INFO:sqlalchemy.engine.Engine:ROLLBACK
INFO:app.database.connection:Database connection successful
2025-06-30 18:37:00,141 INFO sqlalchemy.engine.Engine BEGIN (implicit)
INFO:sqlalchemy.engine.Engine:BEGIN (implicit)
2025-06-30 18:37:00,141 INFO sqlalchemy.engine.Engine PRAGMA main.table_info("processing_jobs")
INFO:sqlalchemy.engine.Engine:PRAGMA main.table_info("processing_jobs")
2025-06-30 18:37:00,141 INFO sqlalchemy.engine.Engine [raw sql] ()
INFO:sqlalchemy.engine.Engine:[raw sql] ()
2025-06-30 18:37:00,141 INFO sqlalchemy.engine.Engine PRAGMA main.table_info("stored_images")
INFO:sqlalchemy.engine.Engine:PRAGMA main.table_info("stored_images")
2025-06-30 18:37:00,141 INFO sqlalchemy.engine.Engine [raw sql] ()
INFO:sqlalchemy.engine.Engine:[raw sql] ()
2025-06-30 18:37:00,141 INFO sqlalchemy.engine.Engine PRAGMA main.table_info("enriched_entities")
INFO:sqlalchemy.engine.Engine:PRAGMA main.table_info("enriched_entities")
2025-06-30 18:37:00,141 INFO sqlalchemy.engine.Engine [raw sql] ()
INFO:sqlalchemy.engine.Engine:[raw sql] ()
2025-06-30 18:37:00,141 INFO sqlalchemy.engine.Engine PRAGMA main.table_info("emphasis_points")
INFO:sqlalchemy.engine.Engine:PRAGMA main.table_info("emphasis_points")
2025-06-30 18:37:00,141 INFO sqlalchemy.engine.Engine [raw sql] ()
INFO:sqlalchemy.engine.Engine:[raw sql] ()
2025-06-30 18:37:00,141 INFO sqlalchemy.engine.Engine PRAGMA main.table_info("user_preferences")
INFO:sqlalchemy.engine.Engine:PRAGMA main.table_info("user_preferences")
2025-06-30 18:37:00,141 INFO sqlalchemy.engine.Engine [raw sql] ()
INFO:sqlalchemy.engine.Engine:[raw sql] ()
2025-06-30 18:37:00,142 INFO sqlalchemy.engine.Engine PRAGMA main.table_info("api_usage")
INFO:sqlalchemy.engine.Engine:PRAGMA main.table_info("api_usage")
2025-06-30 18:37:00,142 INFO sqlalchemy.engine.Engine [raw sql] ()
INFO:sqlalchemy.engine.Engine:[raw sql] ()
2025-06-30 18:37:00,142 INFO sqlalchemy.engine.Engine COMMIT
INFO:sqlalchemy.engine.Engine:COMMIT
INFO:app.database.connection:Database tables created successfully
INFO:app.main:Database initialized successfully
INFO:app.main:=== API Key Setup ===
INFO:app.main:# Add these to your .env file for testing:
INFO:app.main:ADMIN_API_KEY=vea_fb50454ef1beec8bf0e0bc6183ffa55e6c07704609de22003e226774d6deaff9
INFO:app.main:# Demo API keys (for testing):
INFO:app.main:# demo_user_1: vea_9283fb97f0f4c1cfe6244ef0fdb57d9f0532319cf82010678b17824b8a07e994
INFO:app.main:# demo_user_2: vea_5287162bc95713806073018efac94042732bacfb23af42151fc290742c8b3005
INFO:app.main:# demo_user_3: vea_de110186f0ea4a1c899f2f2902f8ec649b84116614e9eb3ea7a91695d391eeb4
INFO:app.main:# Usage examples:
INFO:app.main:# curl -H "Authorization: Bearer vea_fb50454ef1beec8bf0e0bc6183ffa55e6c07704609de22003e226774d6deaff9" http://localhost:8000/api/v1/health/detailed
INFO:app.main:# curl -H "Authorization: Bearer vea_9283fb97f0f4c1cfe6244ef0fdb57d9f0532319cf82010678b17824b8a07e994" http://localhost:8000/api/v1/jobs
INFO:app.main:======================
INFO:app.main:API startup completed successfully
INFO:     Application startup complete.
WARNING:  WatchFiles detected changes in 'app/services/processing_pipeline.py'. Reloading...
INFO:     Shutting down
INFO:     Waiting for application shutdown.
INFO:app.main:Shutting down Video Enhancement SaaS API...
INFO:     Application shutdown complete.
INFO:     Finished server process [21122]
/Users/jexpearce/Library/Python/3.9/lib/python/site-packages/pydantic/_internal/_fields.py:149: UserWarning: Field "model_version" has conflict with protected namespace "model_".

You may be able to resolve this warning by setting `model_config['protected_namespaces'] = ()`.
  warnings.warn(
INFO:     Started server process [21177]
INFO:     Waiting for application startup.
INFO:app.main:Starting Video Enhancement SaaS API...
2025-06-30 18:37:26,108 INFO sqlalchemy.engine.Engine BEGIN (implicit)
INFO:sqlalchemy.engine.Engine:BEGIN (implicit)
2025-06-30 18:37:26,108 INFO sqlalchemy.engine.Engine SELECT 1
INFO:sqlalchemy.engine.Engine:SELECT 1
2025-06-30 18:37:26,108 INFO sqlalchemy.engine.Engine [generated in 0.00013s] ()
INFO:sqlalchemy.engine.Engine:[generated in 0.00013s] ()
2025-06-30 18:37:26,108 INFO sqlalchemy.engine.Engine ROLLBACK
INFO:sqlalchemy.engine.Engine:ROLLBACK
INFO:app.database.connection:Database connection successful
2025-06-30 18:37:26,109 INFO sqlalchemy.engine.Engine BEGIN (implicit)
INFO:sqlalchemy.engine.Engine:BEGIN (implicit)
2025-06-30 18:37:26,109 INFO sqlalchemy.engine.Engine PRAGMA main.table_info("processing_jobs")
INFO:sqlalchemy.engine.Engine:PRAGMA main.table_info("processing_jobs")
2025-06-30 18:37:26,109 INFO sqlalchemy.engine.Engine [raw sql] ()
INFO:sqlalchemy.engine.Engine:[raw sql] ()
2025-06-30 18:37:26,109 INFO sqlalchemy.engine.Engine PRAGMA main.table_info("stored_images")
INFO:sqlalchemy.engine.Engine:PRAGMA main.table_info("stored_images")
2025-06-30 18:37:26,109 INFO sqlalchemy.engine.Engine [raw sql] ()
INFO:sqlalchemy.engine.Engine:[raw sql] ()
2025-06-30 18:37:26,109 INFO sqlalchemy.engine.Engine PRAGMA main.table_info("enriched_entities")
INFO:sqlalchemy.engine.Engine:PRAGMA main.table_info("enriched_entities")
2025-06-30 18:37:26,109 INFO sqlalchemy.engine.Engine [raw sql] ()
INFO:sqlalchemy.engine.Engine:[raw sql] ()
2025-06-30 18:37:26,109 INFO sqlalchemy.engine.Engine PRAGMA main.table_info("emphasis_points")
INFO:sqlalchemy.engine.Engine:PRAGMA main.table_info("emphasis_points")
2025-06-30 18:37:26,109 INFO sqlalchemy.engine.Engine [raw sql] ()
INFO:sqlalchemy.engine.Engine:[raw sql] ()
2025-06-30 18:37:26,109 INFO sqlalchemy.engine.Engine PRAGMA main.table_info("user_preferences")
INFO:sqlalchemy.engine.Engine:PRAGMA main.table_info("user_preferences")
2025-06-30 18:37:26,109 INFO sqlalchemy.engine.Engine [raw sql] ()
INFO:sqlalchemy.engine.Engine:[raw sql] ()
2025-06-30 18:37:26,109 INFO sqlalchemy.engine.Engine PRAGMA main.table_info("api_usage")
INFO:sqlalchemy.engine.Engine:PRAGMA main.table_info("api_usage")
2025-06-30 18:37:26,109 INFO sqlalchemy.engine.Engine [raw sql] ()
INFO:sqlalchemy.engine.Engine:[raw sql] ()
2025-06-30 18:37:26,109 INFO sqlalchemy.engine.Engine COMMIT
INFO:sqlalchemy.engine.Engine:COMMIT
INFO:app.database.connection:Database tables created successfully
INFO:app.main:Database initialized successfully
INFO:app.main:=== API Key Setup ===
INFO:app.main:# Add these to your .env file for testing:
INFO:app.main:ADMIN_API_KEY=vea_655ccf09af996ce04844c0fb308bbe2ee6e8876209ac949104edb3921933216e
INFO:app.main:# Demo API keys (for testing):
INFO:app.main:# demo_user_1: vea_365c231dcc3835e0b9e44de551a2d3934cfc65cb23bf9d66095e1b8a09656b02
INFO:app.main:# demo_user_2: vea_4ee93f6de4deed561eaf542121bc3cedc00708042796c87f9d5f5cb339ba8dec
INFO:app.main:# demo_user_3: vea_aac9e226ea57e679cfeda8352e7b9ebcc38a2e7c450f237852e5db034f4d933d
INFO:app.main:# Usage examples:
INFO:app.main:# curl -H "Authorization: Bearer vea_655ccf09af996ce04844c0fb308bbe2ee6e8876209ac949104edb3921933216e" http://localhost:8000/api/v1/health/detailed
INFO:app.main:# curl -H "Authorization: Bearer vea_365c231dcc3835e0b9e44de551a2d3934cfc65cb23bf9d66095e1b8a09656b02" http://localhost:8000/api/v1/jobs
INFO:app.main:======================
INFO:app.main:API startup completed successfully
INFO:     Application startup complete.
